06/10/2025 08:29:27	This log contains information about the import schema operation into project 'CR-PHASE3-QUERY-AMS' on computer 'PC-FAUZAN' by user 'IMS-FAUZAN'.
06/10/2025 08:29:27	Import of database schema has started.
06/10/2025 08:29:28	Gathering database credentials
06/10/2025 08:29:28	Gathering database options
06/10/2025 08:29:28	Gathering generic database scoped configuration option
06/10/2025 08:29:28	Gathering users
06/10/2025 08:29:28	Gathering roles
06/10/2025 08:29:28	Gathering application roles
06/10/2025 08:29:28	Gathering role memberships
06/10/2025 08:29:28	Gathering filegroups
06/10/2025 08:29:28	Gathering full-text catalogs
06/10/2025 08:29:28	Gathering assemblies
06/10/2025 08:29:28	Gathering certificates
06/10/2025 08:29:28	Gathering asymmetric keys
06/10/2025 08:29:28	Gathering symmetric keys
06/10/2025 08:29:28	Gathering encrypted symmetric keys
06/10/2025 08:29:28	Gathering schemas
06/10/2025 08:29:28	Gathering XML schema collections
06/10/2025 08:29:28	Gathering user-defined data types
06/10/2025 08:29:28	Gathering user-defined types
06/10/2025 08:29:28	Gathering table types
06/10/2025 08:29:28	Gathering unique keys for table types
06/10/2025 08:29:28	Gathering primary keys for table types
06/10/2025 08:29:29	Gathering indexes for table types
06/10/2025 08:29:29	Gathering check constraints for table types
06/10/2025 08:29:29	Gathering default constraints for table types
06/10/2025 08:29:29	Gathering partition functions
06/10/2025 08:29:29	Gathering partition schemes
06/10/2025 08:29:29	Gathering functions
06/10/2025 08:29:29	Gathering encrypted functions
06/10/2025 08:29:29	Gathering aggregates
06/10/2025 08:29:29	Gathering procedures
06/10/2025 08:29:35	Gathering encrypted procedures
06/10/2025 08:29:35	Gathering tables
06/10/2025 08:29:44	Gathering primary keys
06/10/2025 08:29:45	Gathering unique constraints
06/10/2025 08:29:45	Gathering foreign keys
06/10/2025 08:29:45	Gathering default constraints
06/10/2025 08:29:45	Gathering check constraints
06/10/2025 08:29:45	Gathering views
06/10/2025 08:29:45	Gathering encrypted views
06/10/2025 08:29:45	Gathering indexes
06/10/2025 08:29:45	Gathering statistics
06/10/2025 08:29:45	Gathering full-text index stoplists
06/10/2025 08:29:45	Gathering search property lists
06/10/2025 08:29:45	Gathering search properties
06/10/2025 08:29:45	Gathering full-text indexes
06/10/2025 08:29:45	Gathering column store indexes
06/10/2025 08:29:45	Gathering spatial indexes
06/10/2025 08:29:45	Gathering XML indexes
06/10/2025 08:29:45	Gathering Selective XML indexes
06/10/2025 08:29:45	Gathering encrypted triggers
06/10/2025 08:29:45	Gathering triggers
06/10/2025 08:29:46	Gathering encrypted and clr ddl triggers
06/10/2025 08:29:46	Gathering ddl triggers
06/10/2025 08:29:46	Creating edge constraints
06/10/2025 08:29:46	Gathering synonyms
06/10/2025 08:29:46	Gathering defaults
06/10/2025 08:29:46	Gathering data constraint uddt bindings
06/10/2025 08:29:46	Gathering rules
06/10/2025 08:29:46	Gathering data constraint uddt bindings
06/10/2025 08:29:46	Gathering message types
06/10/2025 08:29:46	Gathering queues
06/10/2025 08:29:46	Gathering contracts
06/10/2025 08:29:46	Gathering services
06/10/2025 08:29:46	Gathering event notifications
06/10/2025 08:29:46	Gathering remote service bindings
06/10/2025 08:29:46	Gathering broker priorities
06/10/2025 08:29:46	Gathering signatures
06/10/2025 08:29:46	Gathering compression options
06/10/2025 08:29:46	Gathering sequence types
06/10/2025 08:29:46	Gathering security policies
06/10/2025 08:29:46	Gather column encryption keys
06/10/2025 08:29:46	Gathering column master keys
06/10/2025 08:29:46	Gathering external data sources
06/10/2025 08:29:46	Gathering external file formats
06/10/2025 08:29:46	Gathering external tables
06/10/2025 08:29:46	Gathering database permissions
06/10/2025 08:29:46	Gathering extended properties
06/10/2025 08:29:47	Gathering assemblies
06/10/2025 08:29:47	Gathering credentials
06/10/2025 08:29:47	Gathering logins
06/10/2025 08:29:47	Gathering server audits
06/10/2025 08:29:54	Scanning project for duplicate elements
06/10/2025 08:30:04	Finished duplicate element processing
06/10/2025 08:30:41	Finished importing database.
06/10/2025 08:30:41	Warning: [dbo].[xfn_get_randomize_password]: The body was not imported because it is encrypted.
06/10/2025 08:30:41	For more information about encrypted objects in SSDT see https://go.microsoft.com/fwlink/?LinkID=238374&clcid=0x409
06/10/2025 08:30:41	A summary of the import was saved to the following location: D:\fauzan\dipo\cr-phase-3\CR-PHASE3-QUERY\CR-PHASE3-QUERY-AMS\CR-PHASE3-QUERY-AMS\Import Schema Logs\CR-PHASE3-QUERY-AMS_20251006012927.log
06/10/2025 08:30:41	Click Finish to continue...
