06/10/2025 08:27:09	This log contains information about the import schema operation into project 'CR-PHASE3-QUERY-DOC' on computer 'PC-FAUZAN' by user 'IMS-FAUZAN'.
06/10/2025 08:27:10	Import of database schema has started.
06/10/2025 08:27:25	Gathering database credentials
06/10/2025 08:27:25	Gathering database options
06/10/2025 08:27:26	Gathering generic database scoped configuration option
06/10/2025 08:27:26	Gathering users
06/10/2025 08:27:26	Gathering roles
06/10/2025 08:27:26	Gathering application roles
06/10/2025 08:27:26	Gathering role memberships
06/10/2025 08:27:26	Gathering filegroups
06/10/2025 08:27:26	Gathering full-text catalogs
06/10/2025 08:27:26	Gathering assemblies
06/10/2025 08:27:26	Gathering certificates
06/10/2025 08:27:26	Gathering asymmetric keys
06/10/2025 08:27:26	Gathering symmetric keys
06/10/2025 08:27:26	Gathering encrypted symmetric keys
06/10/2025 08:27:26	Gathering schemas
06/10/2025 08:27:26	Gathering XML schema collections
06/10/2025 08:27:26	Gathering user-defined data types
06/10/2025 08:27:26	Gathering user-defined types
06/10/2025 08:27:26	Gathering table types
06/10/2025 08:27:26	Gathering unique keys for table types
06/10/2025 08:27:26	Gathering primary keys for table types
06/10/2025 08:27:26	Gathering indexes for table types
06/10/2025 08:27:26	Gathering check constraints for table types
06/10/2025 08:27:26	Gathering default constraints for table types
06/10/2025 08:27:26	Gathering partition functions
06/10/2025 08:27:26	Gathering partition schemes
06/10/2025 08:27:26	Gathering functions
06/10/2025 08:27:26	Gathering encrypted functions
06/10/2025 08:27:26	Gathering aggregates
06/10/2025 08:27:26	Gathering procedures
06/10/2025 08:27:28	Gathering encrypted procedures
06/10/2025 08:27:29	Gathering tables
06/10/2025 08:27:31	Gathering primary keys
06/10/2025 08:27:31	Gathering unique constraints
06/10/2025 08:27:31	Gathering foreign keys
06/10/2025 08:27:31	Gathering default constraints
06/10/2025 08:27:31	Gathering check constraints
06/10/2025 08:27:31	Gathering views
06/10/2025 08:27:31	Gathering encrypted views
06/10/2025 08:27:31	Gathering indexes
06/10/2025 08:27:31	Gathering statistics
06/10/2025 08:27:31	Gathering full-text index stoplists
06/10/2025 08:27:31	Gathering search property lists
06/10/2025 08:27:31	Gathering search properties
06/10/2025 08:27:31	Gathering full-text indexes
06/10/2025 08:27:31	Gathering column store indexes
06/10/2025 08:27:31	Gathering spatial indexes
06/10/2025 08:27:31	Gathering XML indexes
06/10/2025 08:27:31	Gathering Selective XML indexes
06/10/2025 08:27:31	Gathering encrypted triggers
06/10/2025 08:27:31	Gathering triggers
06/10/2025 08:27:31	Gathering encrypted and clr ddl triggers
06/10/2025 08:27:31	Gathering ddl triggers
06/10/2025 08:27:31	Creating edge constraints
06/10/2025 08:27:31	Gathering synonyms
06/10/2025 08:27:31	Gathering defaults
06/10/2025 08:27:31	Gathering data constraint uddt bindings
06/10/2025 08:27:31	Gathering rules
06/10/2025 08:27:31	Gathering data constraint uddt bindings
06/10/2025 08:27:31	Gathering message types
06/10/2025 08:27:31	Gathering queues
06/10/2025 08:27:31	Gathering contracts
06/10/2025 08:27:31	Gathering services
06/10/2025 08:27:31	Gathering event notifications
06/10/2025 08:27:31	Gathering remote service bindings
06/10/2025 08:27:31	Gathering broker priorities
06/10/2025 08:27:31	Gathering signatures
06/10/2025 08:27:31	Gathering compression options
06/10/2025 08:27:31	Gathering sequence types
06/10/2025 08:27:31	Gathering security policies
06/10/2025 08:27:31	Gather column encryption keys
06/10/2025 08:27:31	Gathering column master keys
06/10/2025 08:27:31	Gathering external data sources
06/10/2025 08:27:31	Gathering external file formats
06/10/2025 08:27:31	Gathering external tables
06/10/2025 08:27:31	Gathering database permissions
06/10/2025 08:27:31	Gathering extended properties
06/10/2025 08:27:31	Gathering assemblies
06/10/2025 08:27:31	Gathering credentials
06/10/2025 08:27:31	Gathering logins
06/10/2025 08:27:31	Gathering server audits
06/10/2025 08:27:35	Scanning project for duplicate elements
06/10/2025 08:27:37	Finished duplicate element processing
06/10/2025 08:27:47	Finished importing database.
06/10/2025 08:27:47	A summary of the import was saved to the following location: D:\fauzan\dipo\cr-phase-3\CR-PHASE3-QUERY\CR-PHASE3-QUERY-DOC\CR-PHASE3-QUERY-DOC\Import Schema Logs\CR-PHASE3-QUERY-DOC_20251006012709.log
06/10/2025 08:27:47	Click Finish to continue...
